0 info it worked if it ends with ok
1 verbose cli [ 'C:\\Program Files\\nodejs\\node.exe',
1 verbose cli   'C:\\Program Files\\nodejs\\node_modules\\npm\\bin\\npm-cli.js',
1 verbose cli   'start' ]
2 info using npm@3.8.0
3 info using node@v5.7.1
4 verbose run-script [ 'prestart', 'start', 'poststart' ]
5 info lifecycle rrr-server-example@0.0.0~prestart: rrr-server-example@0.0.0
6 silly lifecycle rrr-server-example@0.0.0~prestart: no script for prestart, continuing
7 info lifecycle rrr-server-example@0.0.0~start: rrr-server-example@0.0.0
8 verbose lifecycle rrr-server-example@0.0.0~start: unsafe-perm in lifecycle true
9 verbose lifecycle rrr-server-example@0.0.0~start: PATH: C:\nvm\v5.7.1\node_modules\npm\bin\node-gyp-bin;C:\reactTest\node_modules\.bin;C:\Program Files\nodejs;C:\ProgramData\Oracle\Java\javapath;c:\program files\graphicsmagick-1.3.23-q16;C:\Ruby22-x64\bin;C:\Program Files (x86)\Python\Python35-32\Scripts\;C:\Python27\;c:\Program Files (x86)\Intel\iCLS Client\;c:\Program Files\Intel\iCLS Client\;C:\windows\system32;C:\windows;C:\windows\System32\Wbem;C:\windows\System32\WindowsPowerShell\v1.0\;C:\Program Files\Intel\Intel(R) Management Engine Components\DAL;C:\Program Files\Intel\Intel(R) Management Engine Components\IPT;C:\Program Files (x86)\Intel\Intel(R) Management Engine Components\DAL;C:\Program Files (x86)\Intel\Intel(R) Management Engine Components\IPT;C:\Program Files\TortoiseSVN\bin;C:\Program Files\Microsoft\Web Platform Installer\;C:\Program Files (x86)\Microsoft ASP.NET\ASP.NET Web Pages\v1.0\;C:\Program Files (x86)\Skype\Phone\;C:\nvm;C:\Program Files\nodejs;C:\Program Files\MongoDB\Server\3.0\bin;C:\Users\user\Documents\nssm-2.24\nssm-2.24\win64;C:\Program Files\Git\bin;C:\Users\user\AppData\Roaming\npm;C:\Users\user\Downloads\jscoverage-0.5.1-windows\jscoverage-0.5.1;C:\nvm;C:\Program Files\nodejs
10 verbose lifecycle rrr-server-example@0.0.0~start: CWD: C:\reactTest
11 silly lifecycle rrr-server-example@0.0.0~start: Args: [ '/d /s /c', 'babel-node server.js' ]
12 silly lifecycle rrr-server-example@0.0.0~start: Returned: code: 1  signal: null
13 info lifecycle rrr-server-example@0.0.0~start: Failed to exec start script
14 verbose stack Error: rrr-server-example@0.0.0 start: `babel-node server.js`
14 verbose stack Exit status 1
14 verbose stack     at EventEmitter.<anonymous> (C:\nvm\v5.7.1\node_modules\npm\lib\utils\lifecycle.js:239:16)
14 verbose stack     at emitTwo (events.js:100:13)
14 verbose stack     at EventEmitter.emit (events.js:185:7)
14 verbose stack     at ChildProcess.<anonymous> (C:\nvm\v5.7.1\node_modules\npm\lib\utils\spawn.js:24:14)
14 verbose stack     at emitTwo (events.js:100:13)
14 verbose stack     at ChildProcess.emit (events.js:185:7)
14 verbose stack     at maybeClose (internal/child_process.js:827:16)
14 verbose stack     at Process.ChildProcess._handle.onexit (internal/child_process.js:211:5)
15 verbose pkgid rrr-server-example@0.0.0
16 verbose cwd C:\reactTest
17 error Windows_NT 6.1.7601
18 error argv "C:\\Program Files\\nodejs\\node.exe" "C:\\Program Files\\nodejs\\node_modules\\npm\\bin\\npm-cli.js" "start"
19 error node v5.7.1
20 error npm  v3.8.0
21 error code ELIFECYCLE
22 error rrr-server-example@0.0.0 start: `babel-node server.js`
22 error Exit status 1
23 error Failed at the rrr-server-example@0.0.0 start script 'babel-node server.js'.
23 error Make sure you have the latest version of node.js and npm installed.
23 error If you do, this is most likely a problem with the rrr-server-example package,
23 error not with npm itself.
23 error Tell the author that this fails on your system:
23 error     babel-node server.js
23 error You can get information on how to open an issue for this project with:
23 error     npm bugs rrr-server-example
23 error Or if that isn't available, you can get their info via:
23 error     npm owner ls rrr-server-example
23 error There is likely additional logging output above.
24 verbose exit [ 1, true ]
